<?xml version="1.0" encoding="UTF-8"?>
<testsuite xmlns:xsi="http://www.w3.org/2001/XMLSchema-instance" xsi:noNamespaceSchemaLocation="https://maven.apache.org/surefire/maven-surefire-plugin/xsd/surefire-test-report-3.0.xsd" version="3.0" name="com.example.gestion.GestionApplicationTests" time="13.317" tests="1" errors="0" skipped="0" failures="0">
  <properties>
[...]
</properties>
  <testcase name="contextLoads" classname="com.example.gestion.GestionApplicationTests" time="1.104">
    <system-out><![CDATA[
  .   ____          _            __ _ _
 /\\ / ___'_ __ _ _(_)_ __  __ _ \ \ \ \
( ( )\___ | '_ | '_| | '_ \/ _` | \ \ \ \
 \\/  ___)| |_)| | | | | || (_| |  ) ) ) )
  '  |____| .__|_| |_|_| |_\__, | / / / /
 =========|_|==============|___/=/_/_/_/
 :: Spring Boot ::                (v3.2.1)

2026-01-26T17:43:13.734+03:00  INFO 19252 --- [           main] c.e.gestion.GestionApplicationTests      : Starting GestionApplicationTests using Java 21.0.8 with PID 19252 (started by HP in E:\HP\Documents\S5\Mr Rojo\Mobile\Projet_route\Projet_route\signalement_route\backend_local)
2026-01-26T17:43:13.740+03:00  INFO 19252 --- [           main] c.e.gestion.GestionApplicationTests      : The following 1 profile is active: "docker"
2026-01-26T17:43:15.726+03:00  INFO 19252 --- [           main] .s.d.r.c.RepositoryConfigurationDelegate : Bootstrapping Spring Data JPA repositories in DEFAULT mode.
2026-01-26T17:43:15.908+03:00  INFO 19252 --- [           main] .s.d.r.c.RepositoryConfigurationDelegate : Finished Spring Data repository scanning in 151 ms. Found 1 JPA repository interface.
2026-01-26T17:43:17.145+03:00  INFO 19252 --- [           main] o.hibernate.jpa.internal.util.LogHelper  : HHH000204: Processing PersistenceUnitInfo [name: default]
2026-01-26T17:43:17.747+03:00  INFO 19252 --- [           main] org.hibernate.Version                    : HHH000412: Hibernate ORM core version 6.4.1.Final
2026-01-26T17:43:17.845+03:00  INFO 19252 --- [           main] o.h.c.internal.RegionFactoryInitiator    : HHH000026: Second-level cache disabled
2026-01-26T17:43:18.447+03:00  INFO 19252 --- [           main] o.s.o.j.p.SpringPersistenceUnitInfo      : No LoadTimeWeaver setup: ignoring JPA class transformer
2026-01-26T17:43:18.523+03:00  INFO 19252 --- [           main] com.zaxxer.hikari.HikariDataSource       : HikariPool-1 - Starting...
2026-01-26T17:43:19.173+03:00  INFO 19252 --- [           main] com.zaxxer.hikari.pool.HikariPool        : HikariPool-1 - Added connection conn0: url=jdbc:h2:mem:testdb user=SA
2026-01-26T17:43:19.177+03:00  INFO 19252 --- [           main] com.zaxxer.hikari.HikariDataSource       : HikariPool-1 - Start completed.
2026-01-26T17:43:19.256+03:00  WARN 19252 --- [           main] org.hibernate.orm.deprecation            : HHH90000025: H2Dialect does not need to be specified explicitly using 'hibernate.dialect' (remove the property setting and it will be selected by default)
2026-01-26T17:43:21.277+03:00  INFO 19252 --- [           main] o.h.e.t.j.p.i.JtaPlatformInitiator       : HHH000489: No JTA platform available (set 'hibernate.transaction.jta.platform' to enable JTA platform integration)
2026-01-26T17:43:21.334+03:00  INFO 19252 --- [           main] j.LocalContainerEntityManagerFactoryBean : Initialized JPA EntityManagerFactory for persistence unit 'default'
2026-01-26T17:43:22.474+03:00  WARN 19252 --- [           main] JpaBaseConfiguration$JpaWebConfiguration : spring.jpa.open-in-view is enabled by default. Therefore, database queries may be performed during view rendering. Explicitly configure spring.jpa.open-in-view to disable this warning
2026-01-26T17:43:23.922+03:00  WARN 19252 --- [           main] .s.s.UserDetailsServiceAutoConfiguration : 

Using generated security password: b92c5939-544c-414e-abb7-029e7f0b6638

This generated password is for development use only. Your security configuration must be updated before running your application in production.

2026-01-26T17:43:24.243+03:00  INFO 19252 --- [           main] o.s.s.web.DefaultSecurityFilterChain     : Will secure any request with [org.springframework.security.web.session.DisableEncodeUrlFilter@6b8a9e1, org.springframework.security.web.context.request.async.WebAsyncManagerIntegrationFilter@4c51fc9a, org.springframework.security.web.context.SecurityContextHolderFilter@19877453, org.springframework.security.web.header.HeaderWriterFilter@48e3017a, org.springframework.web.filter.CorsFilter@425376cc, org.springframework.security.web.csrf.CsrfFilter@7a25f8ee, org.springframework.security.web.authentication.logout.LogoutFilter@4257163f, org.springframework.security.web.authentication.UsernamePasswordAuthenticationFilter@53813f01, org.springframework.security.web.authentication.ui.DefaultLoginPageGeneratingFilter@158cb50a, org.springframework.security.web.authentication.ui.DefaultLogoutPageGeneratingFilter@28705150, org.springframework.security.web.authentication.www.BasicAuthenticationFilter@6715a6da, org.springframework.security.web.savedrequest.RequestCacheAwareFilter@18174bd9, org.springframework.security.web.servletapi.SecurityContextHolderAwareRequestFilter@3af6d7a7, org.springframework.security.web.authentication.AnonymousAuthenticationFilter@6b44121e, org.springframework.security.web.access.ExceptionTranslationFilter@5d50e7f6, org.springframework.security.web.access.intercept.AuthorizationFilter@7bdaf563]
2026-01-26T17:43:24.363+03:00  INFO 19252 --- [           main] c.e.gestion.GestionApplicationTests      : Started GestionApplicationTests in 11.345 seconds (process running for 13.676)
]]></system-out>
    <system-err><![CDATA[WARNING: A Java agent has been loaded dynamically (C:\Users\HP\.m2\repository\net\bytebuddy\byte-buddy-agent\1.14.10\byte-buddy-agent-1.14.10.jar)
WARNING: If a serviceability tool is in use, please run with -XX:+EnableDynamicAgentLoading to hide this warning
WARNING: If a serviceability tool is not in use, please run with -Djdk.instrument.traceUsage for more information
WARNING: Dynamic loading of agents will be disallowed by default in a future release
]]></system-err>
  </testcase>
</testsuite>